[debug] [2025-04-17T07:56:15.496Z] ----------------------------------------------------------------------
[debug] [2025-04-17T07:56:15.517Z] Command:       C:\Program Files\nodejs\node.exe C:\Users\AraLap\AppData\Roaming\npm\node_modules\firebase-tools\lib\bin\firebase.js deploy
[debug] [2025-04-17T07:56:15.518Z] CLI Version:   14.1.0
[debug] [2025-04-17T07:56:15.519Z] Platform:      win32
[debug] [2025-04-17T07:56:15.519Z] Node Version:  v22.13.0
[debug] [2025-04-17T07:56:15.520Z] Time:          Thu Apr 17 2025 11:26:15 GMT+0330 (Iran Standard Time)
[debug] [2025-04-17T07:56:15.520Z] ----------------------------------------------------------------------
[debug] 
[debug] [2025-04-17T07:56:16.164Z] > command requires scopes: ["email","openid","https://www.googleapis.com/auth/cloudplatformprojects.readonly","https://www.googleapis.com/auth/firebase","https://www.googleapis.com/auth/cloud-platform"]
[debug] [2025-04-17T07:56:16.165Z] > authorizing via signed-in user (kimiarezapour49@gmail.com)
[debug] [2025-04-17T07:56:16.166Z] [iam] checking project vertiscope-app for permissions ["firebase.projects.get","firebasehosting.sites.update"]
[debug] [2025-04-17T07:56:16.168Z] Checked if tokens are valid: false, expires at: 1744830522266
[debug] [2025-04-17T07:56:16.168Z] Checked if tokens are valid: false, expires at: 1744830522266
[debug] [2025-04-17T07:56:16.169Z] > refreshing access token with scopes: []
[debug] [2025-04-17T07:56:16.173Z] >>> [apiv2][query] POST https://www.googleapis.com/oauth2/v3/token [none]
[debug] [2025-04-17T07:56:16.174Z] >>> [apiv2][body] POST https://www.googleapis.com/oauth2/v3/token [omitted]
[debug] [2025-04-17T07:56:17.118Z] <<< [apiv2][status] POST https://www.googleapis.com/oauth2/v3/token 200
[debug] [2025-04-17T07:56:17.119Z] <<< [apiv2][body] POST https://www.googleapis.com/oauth2/v3/token [omitted]
[debug] [2025-04-17T07:56:17.151Z] >>> [apiv2][query] POST https://cloudresourcemanager.googleapis.com/v1/projects/vertiscope-app:testIamPermissions [none]
[debug] [2025-04-17T07:56:17.152Z] >>> [apiv2][(partial)header] POST https://cloudresourcemanager.googleapis.com/v1/projects/vertiscope-app:testIamPermissions x-goog-quota-user=projects/vertiscope-app
[debug] [2025-04-17T07:56:17.152Z] >>> [apiv2][body] POST https://cloudresourcemanager.googleapis.com/v1/projects/vertiscope-app:testIamPermissions {"permissions":["firebase.projects.get","firebasehosting.sites.update"]}
[debug] [2025-04-17T07:56:17.902Z] <<< [apiv2][status] POST https://cloudresourcemanager.googleapis.com/v1/projects/vertiscope-app:testIamPermissions 403
[debug] [2025-04-17T07:56:17.903Z] <<< [apiv2][body] POST https://cloudresourcemanager.googleapis.com/v1/projects/vertiscope-app:testIamPermissions "<!DOCTYPE html>\n<html lang=en>\n  <meta charset=utf-8>\n  <meta name=viewport content=\"initial-scale=1, minimum-scale=1, width=device-width\">\n  <title>Error 403 (Forbidden)!!1</title>\n  <style>\n    *{margin:0;padding:0}html,code{font:15px/22px arial,sans-serif}html{background:#fff;color:#222;padding:15px}body{margin:7% auto 0;max-width:390px;min-height:180px;padding:30px 0 15px}* > body{background:url(//www.google.com/images/errors/robot.png) 100% 5px no-repeat;padding-right:205px}p{margin:11px 0 22px;overflow:hidden}ins{color:#777;text-decoration:none}a img{border:0}@media screen and (max-width:772px){body{background:none;margin-top:0;max-width:none;padding-right:0}}#logo{background:url(//www.google.com/images/branding/googlelogo/1x/googlelogo_color_150x54dp.png) no-repeat;margin-left:-5px}@media only screen and (min-resolution:192dpi){#logo{background:url(//www.google.com/images/branding/googlelogo/2x/googlelogo_color_150x54dp.png) no-repeat 0% 0%/100% 100%;-moz-border-image:url(//www.google.com/images/branding/googlelogo/2x/googlelogo_color_150x54dp.png) 0}}@media only screen and (-webkit-min-device-pixel-ratio:2){#logo{background:url(//www.google.com/images/branding/googlelogo/2x/googlelogo_color_150x54dp.png) no-repeat;-webkit-background-size:100% 100%}}#logo{display:inline-block;height:54px;width:150px}\n  </style>\n  <a href=//www.google.com/><span id=logo aria-label=Google></span></a>\n  <p><b>403.</b> <ins>That’s an error.</ins>\n  <p>Your client does not have permission to get URL <code>/v1/projects/vertiscope-app:testIamPermissions</code> from this server.  <ins>That’s all we know.</ins>\n"
[debug] [2025-04-17T07:56:17.905Z] [iam] error while checking permissions, command may fail: Unable to parse JSON: SyntaxError: Unexpected token '<', "<!DOCTYPE "... is not valid JSON
[debug] [2025-04-17T07:56:17.909Z] Checked if tokens are valid: true, expires at: 1744880176119
[debug] [2025-04-17T07:56:17.909Z] Checked if tokens are valid: true, expires at: 1744880176119
[debug] [2025-04-17T07:56:17.911Z] >>> [apiv2][query] GET https://firebase.googleapis.com/v1beta1/projects/vertiscope-app [none]
[debug] [2025-04-17T07:56:18.837Z] <<< [apiv2][status] GET https://firebase.googleapis.com/v1beta1/projects/vertiscope-app 403
[debug] [2025-04-17T07:56:18.837Z] <<< [apiv2][body] GET https://firebase.googleapis.com/v1beta1/projects/vertiscope-app "<!DOCTYPE html>\n<html lang=en>\n  <meta charset=utf-8>\n  <meta name=viewport content=\"initial-scale=1, minimum-scale=1, width=device-width\">\n  <title>Error 403 (Forbidden)!!1</title>\n  <style>\n    *{margin:0;padding:0}html,code{font:15px/22px arial,sans-serif}html{background:#fff;color:#222;padding:15px}body{margin:7% auto 0;max-width:390px;min-height:180px;padding:30px 0 15px}* > body{background:url(//www.google.com/images/errors/robot.png) 100% 5px no-repeat;padding-right:205px}p{margin:11px 0 22px;overflow:hidden}ins{color:#777;text-decoration:none}a img{border:0}@media screen and (max-width:772px){body{background:none;margin-top:0;max-width:none;padding-right:0}}#logo{background:url(//www.google.com/images/branding/googlelogo/1x/googlelogo_color_150x54dp.png) no-repeat;margin-left:-5px}@media only screen and (min-resolution:192dpi){#logo{background:url(//www.google.com/images/branding/googlelogo/2x/googlelogo_color_150x54dp.png) no-repeat 0% 0%/100% 100%;-moz-border-image:url(//www.google.com/images/branding/googlelogo/2x/googlelogo_color_150x54dp.png) 0}}@media only screen and (-webkit-min-device-pixel-ratio:2){#logo{background:url(//www.google.com/images/branding/googlelogo/2x/googlelogo_color_150x54dp.png) no-repeat;-webkit-background-size:100% 100%}}#logo{display:inline-block;height:54px;width:150px}\n  </style>\n  <a href=//www.google.com/><span id=logo aria-label=Google></span></a>\n  <p><b>403.</b> <ins>That’s an error.</ins>\n  <p>Your client does not have permission to get URL <code>/v1beta1/projects/vertiscope-app</code> from this server.  <ins>That’s all we know.</ins>\n"
[debug] [2025-04-17T07:56:18.838Z] Unable to parse JSON: SyntaxError: Unexpected token '<', "<!DOCTYPE "... is not valid JSON
[error] 
[error] Error: Assertion failed: resolving hosting target of a site with no site name or target name. This should have caused an error earlier
